Compiling the C compiler identification source file "CMakeCCompilerId.c" failed.
Compiler: C:/Keil_v5/ARM/ARMCLANG/bin/armclang.exe 
Build flags: 
Id flags:  

The output was:
1
armclang: fatal error: no target architecture given; use --target=arm-arm-none-eabi or --target=aarch64-arm-none-eabi


Compiling the C compiler identification source file "CMakeCCompilerId.c" failed.
Compiler: C:/Keil_v5/ARM/ARMCLANG/bin/armclang.exe 
Build flags: 
Id flags: -c 

The output was:
1
armclang: fatal error: no target architecture given; use --target=arm-arm-none-eabi or --target=aarch64-arm-none-eabi


Compiling the C compiler identification source file "CMakeCCompilerId.c" failed.
Compiler: C:/Keil_v5/ARM/ARMCLANG/bin/armclang.exe 
Build flags: 
Id flags: -Aa 

The output was:
1
armclang: fatal error: no target architecture given; use --target=arm-arm-none-eabi or --target=aarch64-arm-none-eabi


Compiling the C compiler identification source file "CMakeCCompilerId.c" failed.
Compiler: C:/Keil_v5/ARM/ARMCLANG/bin/armclang.exe 
Build flags: 
Id flags: -D__CLASSIC_C__ 

The output was:
1
armclang: fatal error: no target architecture given; use --target=arm-arm-none-eabi or --target=aarch64-arm-none-eabi


