The target system is: Generic -  - cortex-m4
The host system is: Windows - 10.0.18363 - AMD64
Compiling the C compiler identification source file "CMakeCCompilerId.c" succeeded.
Compiler: C:/Keil_v5/ARM/ARMCLANG/bin/armclang.exe 
Build flags: 
Id flags: --target=arm-arm-none-eabi;-mcpu=cortex-m3 

The output was:
0


Compilation of the C compiler identification source "CMakeCCompilerId.c" produced "a.out"

The C compiler identification is ARMClang, found in "C:/Workspace/stm32/ArmCMakeTemplate/build/CMakeFiles/3.17.1/CompilerIdC/a.out"

Determining if the C compiler works passed with the following output:
Change Dir: C:/Workspace/stm32/ArmCMakeTemplate/build/CMakeFiles/CMakeTmp

Run Build Command(s):C:/msys64/usr/bin/make cmTC_67657/fast && /usr/bin/make  -f CMakeFiles/cmTC_67657.dir/build.make CMakeFiles/cmTC_67657.dir/build
make[1]: ?붾젆?곕━ '/c/Workspace/stm32/ArmCMakeTemplate/build/CMakeFiles/CMakeTmp' ?ㅼ뼱媛?Building C object CMakeFiles/cmTC_67657.dir/testCCompiler.o
C:/Keil_v5/ARM/ARMCLANG/bin/armclang.exe --target=arm-arm-none-eabi   -mcpu=cortex-m4    -o CMakeFiles/cmTC_67657.dir/testCCompiler.o   -c C:/Workspace/stm32/ArmCMakeTemplate/build/CMakeFiles/CMakeTmp/testCCompiler.c
Linking C executable cmTC_67657.elf
C:/Keil_v5/ARM/ARMCLANG/bin/armlink.exe --cpu=cortex-m4    "CMakeFiles/cmTC_67657.dir/testCCompiler.o"  -o cmTC_67657.elf --list cmTC_67657.map
make[1]: ?붾젆?곕━ '/c/Workspace/stm32/ArmCMakeTemplate/build/CMakeFiles/CMakeTmp' ?섍컧



Detecting C compiler ABI info compiled with the following output:
Change Dir: C:/Workspace/stm32/ArmCMakeTemplate/build/CMakeFiles/CMakeTmp

Run Build Command(s):C:/msys64/usr/bin/make cmTC_48038/fast && /usr/bin/make  -f CMakeFiles/cmTC_48038.dir/build.make CMakeFiles/cmTC_48038.dir/build
make[1]: Entering directory '/c/Workspace/stm32/ArmCMakeTemplate/build/CMakeFiles/CMakeTmp'
Building C object CMakeFiles/cmTC_48038.dir/CMakeCCompilerABI.o
C:/Keil_v5/ARM/ARMCLANG/bin/armclang.exe --target=arm-arm-none-eabi   -mcpu=cortex-m4    -v -o CMakeFiles/cmTC_48038.dir/CMakeCCompilerABI.o   -c C:/msys64/mingw32/share/cmake-3.17/Modules/CMakeCCompilerABI.c
Product: MDK-ARM Lite 5.29
Component: ARM Compiler 6.13.1
Tool: armclang [5d895d00]

Target: arm-arm-none-eabi
 "C:\\Keil_v5\\ARM\\ARMCLANG\\bin\\armclang.exe" -cc1 -triple thumbv7em-arm-none-eabi -emit-obj -mrelax-all -disable-free -disable-llvm-verifier -discard-value-names -main-file-name CMakeCCompilerABI.c -mrelocation-model static -mthread-model posix -mframe-pointer=none -menable-no-infs -menable-no-nans -fmath-errno -fno-signed-zeros -fno-trapping-math -fdenormal-fp-math=preserve-sign -ffinite-math-only -masm-verbose -mconstructor-aliases -target-cpu cortex-m4 -target-feature +soft-float-abi -target-feature -crc -target-feature -crypto -target-feature -sha2 -target-feature -aes -target-feature -dotprod -target-feature +dsp -target-feature -mve -target-feature -mve.fp -target-feature -fullfp16 -target-feature -ras -target-feature -bf16 -target-feature -sb -target-feature -i8mm -target-feature -lob -target-feature -hwdiv-arm -target-feature +hwdiv -target-feature -fp16fml -target-abi aapcs -mfloat-abi soft -fallow-half-arguments-and-returns -dwarf-column-info -debugger-tuning=gdb -v -ffunction-sections -fdata-sections -coverage-notes-file "C:\\Workspace\\stm32\\ArmCMakeTemplate\\build\\CMakeFiles\\CMakeTmp\\CMakeFiles/cmTC_48038.dir/CMakeCCompilerABI.gcno" -resource-dir "C:\\Keil_v5\\ARM\\ARMCLANG\\lib\\clang\\10.0.0" -internal-isystem "C:\\Keil_v5\\ARM\\ARMCLANG\\bin\\..\\include" -nobuiltininc -fdebug-compilation-dir "C:\\Workspace\\stm32\\ArmCMakeTemplate\\build\\CMakeFiles\\CMakeTmp" -ferror-limit 19 -fmessage-length 0 -fvisibility hidden -fno-signed-char -fobjc-runtime=gcc -fno-common -fdiagnostics-show-option -fsuppress-licensing -aggressive-jump-threading -o CMakeFiles/cmTC_48038.dir/CMakeCCompilerABI.o -x c C:/msys64/mingw32/share/cmake-3.17/Modules/CMakeCCompilerABI.c
ARM Compiler 6.13.1 -cc1 default target aarch64-arm-none-eabi
#include "..." search starts here:
#include <...> search starts here:
 C:\Keil_v5\ARM\ARMCLANG\bin\..\include
End of search list.
Linking C executable cmTC_48038.elf
C:/Keil_v5/ARM/ARMCLANG/bin/armlink.exe --cpu=cortex-m4  -v  "CMakeFiles/cmTC_48038.dir/CMakeCCompilerABI.o"  -o cmTC_48038.elf --list cmTC_48038.map
make[1]: Leaving directory '/c/Workspace/stm32/ArmCMakeTemplate/build/CMakeFiles/CMakeTmp'



Parsed C implicit include dir info from above output: rv=done
  found start of include info
  found start of implicit include info
    add: [C:/Keil_v5/ARM/ARMCLANG/bin/../include]
  end of search list found
  collapse include dir [C:/Keil_v5/ARM/ARMCLANG/bin/../include] ==> [C:/Keil_v5/ARM/ARMCLANG/include]
  implicit include dirs: [C:/Keil_v5/ARM/ARMCLANG/include]


Parsed C implicit link information from above output:
  link line regex: [^( *|.*[/\])(armlink\.exe|CMAKE_LINK_STARTFILE-NOTFOUND|([^/\]+-)?ld|collect2)[^/\]*( |$)]
  ignore line: [Change Dir: C:/Workspace/stm32/ArmCMakeTemplate/build/CMakeFiles/CMakeTmp]
  ignore line: []
  ignore line: [Run Build Command(s):C:/msys64/usr/bin/make cmTC_48038/fast && /usr/bin/make  -f CMakeFiles/cmTC_48038.dir/build.make CMakeFiles/cmTC_48038.dir/build]
  ignore line: [make[1]: Entering directory '/c/Workspace/stm32/ArmCMakeTemplate/build/CMakeFiles/CMakeTmp']
  ignore line: [Building C object CMakeFiles/cmTC_48038.dir/CMakeCCompilerABI.o]
  ignore line: [C:/Keil_v5/ARM/ARMCLANG/bin/armclang.exe --target=arm-arm-none-eabi   -mcpu=cortex-m4    -v -o CMakeFiles/cmTC_48038.dir/CMakeCCompilerABI.o   -c C:/msys64/mingw32/share/cmake-3.17/Modules/CMakeCCompilerABI.c]
  ignore line: [Product: MDK-ARM Lite 5.29]
  ignore line: [Component: ARM Compiler 6.13.1]
  ignore line: [Tool: armclang [5d895d00]]
  ignore line: []
  ignore line: [Target: arm-arm-none-eabi]
  ignore line: [ "C:\\Keil_v5\\ARM\\ARMCLANG\\bin\\armclang.exe" -cc1 -triple thumbv7em-arm-none-eabi -emit-obj -mrelax-all -disable-free -disable-llvm-verifier -discard-value-names -main-file-name CMakeCCompilerABI.c -mrelocation-model static -mthread-model posix -mframe-pointer=none -menable-no-infs -menable-no-nans -fmath-errno -fno-signed-zeros -fno-trapping-math -fdenormal-fp-math=preserve-sign -ffinite-math-only -masm-verbose -mconstructor-aliases -target-cpu cortex-m4 -target-feature +soft-float-abi -target-feature -crc -target-feature -crypto -target-feature -sha2 -target-feature -aes -target-feature -dotprod -target-feature +dsp -target-feature -mve -target-feature -mve.fp -target-feature -fullfp16 -target-feature -ras -target-feature -bf16 -target-feature -sb -target-feature -i8mm -target-feature -lob -target-feature -hwdiv-arm -target-feature +hwdiv -target-feature -fp16fml -target-abi aapcs -mfloat-abi soft -fallow-half-arguments-and-returns -dwarf-column-info -debugger-tuning=gdb -v -ffunction-sections -fdata-sections -coverage-notes-file "C:\\Workspace\\stm32\\ArmCMakeTemplate\\build\\CMakeFiles\\CMakeTmp\\CMakeFiles/cmTC_48038.dir/CMakeCCompilerABI.gcno" -resource-dir "C:\\Keil_v5\\ARM\\ARMCLANG\\lib\\clang\\10.0.0" -internal-isystem "C:\\Keil_v5\\ARM\\ARMCLANG\\bin\\..\\include" -nobuiltininc -fdebug-compilation-dir "C:\\Workspace\\stm32\\ArmCMakeTemplate\\build\\CMakeFiles\\CMakeTmp" -ferror-limit 19 -fmessage-length 0 -fvisibility hidden -fno-signed-char -fobjc-runtime=gcc -fno-common -fdiagnostics-show-option -fsuppress-licensing -aggressive-jump-threading -o CMakeFiles/cmTC_48038.dir/CMakeCCompilerABI.o -x c C:/msys64/mingw32/share/cmake-3.17/Modules/CMakeCCompilerABI.c]
  ignore line: [ARM Compiler 6.13.1 -cc1 default target aarch64-arm-none-eabi]
  ignore line: [#include "..." search starts here:]
  ignore line: [#include <...> search starts here:]
  ignore line: [ C:\Keil_v5\ARM\ARMCLANG\bin\..\include]
  ignore line: [End of search list.]
  ignore line: [Linking C executable cmTC_48038.elf]
  link line: [C:/Keil_v5/ARM/ARMCLANG/bin/armlink.exe --cpu=cortex-m4  -v  "CMakeFiles/cmTC_48038.dir/CMakeCCompilerABI.o"  -o cmTC_48038.elf --list cmTC_48038.map]
    arg [C:/Keil_v5/ARM/ARMCLANG/bin/armlink.exe] ==> ignore
    arg [--cpu=cortex-m4] ==> ignore
    arg [-v] ==> ignore
    arg [CMakeFiles/cmTC_48038.dir/CMakeCCompilerABI.o] ==> ignore
    arg [-o] ==> ignore
    arg [cmTC_48038.elf] ==> ignore
    arg [--list] ==> ignore
    arg [cmTC_48038.map] ==> ignore
  implicit libs: []
  implicit dirs: []
  implicit fwks: []


